  == Explicit Hub Discovery ==

    ╔═ App.ts ═════╗                      ╔═ Proxy.ts ═╗                      ╔═ Hub.ts ═══════════════════════════════════╗                      ╔═ Sink.ts ══╗
    ║              ║                      ║            ║                      ║                                            ║                      ║            ║
    ║              ║                      ║            ║                      ║                                            ║                      ║            ║
    ║ ┌──────────┐ ║                      ║ ┌────────┐ ║                      ║ ┌────────────────────────────────────────┐ ║                      ║ ┌────────┐ ║
    ║ │  main()  │ ║                      ║ │  p1()  │ ║                      ║ │               process()                │ ║                      ║ │  c1()  │ ║
    ║ ├──────────┤ ║                      ║ ├────────┤ ║                      ║ ├────────────────────────────────────────┤ ║                      ║ ├────────┤ ║
    ║ │          ┼►s1────────────────────s1►┼────────┼►s1────────────────────s1►┼────────────────────────────────────────┼►out1────────────────out1►┼──┐     │ ║
    ║ │          ┼◄r1────────────────────r1◄┼────────┼◄r1────────────────────r1◄┼────────────────────────────────────────┼◄ret1────────────────ret1◄┼──┘     │ ║
    ║ │          │ ║                      ║ └────────┘ ║                      ║ │                                        │ ║                      ║ └────────┘ ║
    ║ │          ┼►s2────────────────┐    ║            ║             ┌───────s2►┼────────────────────┌─────┌─────┌───┐┐┐─┼►out2────────────┐      ║            ║
    ║ │          ┼◄r2───────────────┐│    ║            ║             │┌──────r2◄┼────┐┐┐───┌─────┌───┼─┌───┼─────┼───┼┼┼─┼◄ret2───────────┐│      ║            ║
    ║ │          │ ║                ││    ║            ║             ││       ║ │    │││   │     │   │ │   │     │   │││ │ ║              ││      ║            ║
    ║ │          ┼►s3──────────────┐││    ║            ║             ││┌─────s3►┼────┼┼┼───┼─────┼──┌┼─┼──┌┼───┐┐┘───┼┼└─┼►out3──────────┐││      ║            ║
    ║ │          ┼◄r3─────────────┐│││    ║            ║             │││┌────r3◄┼────└┼┼───┘┐┐───┼┌─┼┼─┼┌─┼┼───┼┼────┼┼──┼◄ret3─────────┐│││      ║            ║
    ║ │          │ ║              ││││    ║            ║             ││││     ║ │     ││    ││   ││ ││ ││ ││   ││    ││  │ ║            ││││      ║            ║
    ║ │          ┼►s4────────────┐││││    ║ ┌────────┐ ║             ││││┌───s4►┼─────┼┼────┼┼───┼┼┌┼┼─┼┼┐┘┘───┼└────┼└──┼►out4────────┐││││      ║ ┌────────┐ ║
    ║ │          ┼◄r4───────────┐│││││    ║ │  p2()  │ ║             │││││┌──r4◄┼─────└┼────└┼───┘┘┐┼┼─┼┼┌─────┼─────┼───┼◄ret4───────┐│││││      ║ │  c2()  │ ║
    ║ │          │ ║            ││││││    ║ ├────────┤ ║             ││││││   ║ │      │     │     │││ │││     │     │   │ ║          ││││││      ║ ├────────┤ ║
    ║ │          ┼►s5──────────┐│││││└───s2►┼────────┼►s2────────────┘│││││┌─s5►┼──────┼─────┼─────┘┘┘─┼┼└─────└─────└───┼►out5──────┐│││││└───out2►┼──┐     │ ║
    ║ │          ┼◄r5─────────┐│││││└────r2◄┼────────┼◄r2─────────────┘│││││┌r5◄┼──────└─────└─────└───┘┘┘───────────────┼◄ret5─────┐│││││└────ret2◄┼──┘     │ ║
    ║ └──────────┘ ║          ││││││      ║ └────────┘ ║               ││││││ ║ └────────────────────────────────────────┘ ║        ││││││        ║ └────────┘ ║
    ║              ║          ││││││      ║            ║               ││││││ ║                                            ║        ││││││        ║            ║
    ╚══════════════╝          ││││││      ║            ║               ││││││ ╚════════════════════════════════════════════╝        ││││││        ║            ║
                              ││││││      ║            ║               ││││││                                                       ││││││        ║            ║
                              ││││││      ║            ║               ││││││                                                       ││││││        ║            ║
                              ││││││      ║            ║               ││││││                                                       ││││││        ║            ║
                              ││││││      ║            ║               ││││││                                                       ││││││        ║            ║
                              ││││││      ║ ┌────────┐ ║               ││││││                                                       ││││││        ║ ┌────────┐ ║
                              ││││││      ║ │  p3()  │ ║               ││││││                                                       ││││││        ║ │  c3()  │ ║
                              ││││││      ║ ├────────┤ ║               ││││││                                                       ││││││        ║ ├────────┤ ║
                              │││││└─────s3►┼────────┼►s3──────────────┘│││││                                                       │││││└─────out3►┼──┐     │ ║
                              ││││└──────r3◄┼────────┼◄r3───────────────┘││││                                                       ││││└──────ret3◄┼──┘     │ ║
                              ││││        ║ └────────┘ ║                 ││││                                                       ││││          ║ └────────┘ ║
                              ││││        ║            ║                 ││││                                                       ││││          ║            ║
                              ││││        ║            ║                 ││││                                                       ││││          ║            ║
                              ││││        ║            ║                 ││││                                                       ││││          ║            ║
                              ││││        ║            ║                 ││││                                                       ││││          ║            ║
                              ││││        ║            ║                 ││││                                                       ││││          ║            ║
                              ││││        ║            ║                 ││││                                                       ││││          ║            ║
                              ││││        ║ ┌────────┐ ║                 ││││                                                       ││││          ║ ┌────────┐ ║
                              ││││        ║ │  p4()  │ ║                 ││││                                                       ││││          ║ │  c4()  │ ║
                              ││││        ║ ├────────┤ ║                 ││││                                                       ││││          ║ ├────────┤ ║
                              │││└───────s4►┼────────┼►s4────────────────┘│││                                                       │││└───────out4►┼──┐     │ ║
                              ││└────────r4◄┼────────┼◄r4─────────────────┘││                                                       ││└────────ret4◄┼──┘     │ ║
                              ││          ║ └────────┘ ║                   ││                                                       ││            ║ └────────┘ ║
                              ││          ║            ║                   ││                                                       ││            ║            ║
                              ││          ║            ║                   ││                                                       ││            ║            ║
                              ││          ║            ║                   ││                                                       ││            ║            ║
                              ││          ║            ║                   ││                                                       ││            ║            ║
                              ││          ║            ║                   ││                                                       ││            ║            ║
                              ││          ║            ║                   ││                                                       ││            ║            ║
                              ││          ║ ┌────────┐ ║                   ││                                                       ││            ║ ┌────────┐ ║
                              ││          ║ │  p5()  │ ║                   ││                                                       ││            ║ │  c5()  │ ║
                              ││          ║ ├────────┤ ║                   ││                                                       ││            ║ ├────────┤ ║
                              │└─────────s5►┼────────┼►s5──────────────────┘│                                                       │└─────────out5►┼──┐     │ ║
                              └──────────r5◄┼────────┼◄r5───────────────────┘                                                       └──────────ret5◄┼──┘     │ ║
                                          ║ └────────┘ ║                                                                                          ║ └────────┘ ║
                                          ║            ║                                                                                          ║            ║
                                          ╚════════════╝                                                                                          ╚════════════╝
