  == Switching Matrix Stress Test ==

    ╔═ App.ts ════════╗                                  ╔═ Proxy.ts ══════╗                                  ╔═ Hub.ts ════════╗                                  ╔═ Sink.ts ═══════╗
    ║                 ║                                  ║                 ║                                  ║                 ║                                  ║                 ║
    ║                 ║                                  ║                 ║                                  ║                 ║                                  ║                 ║
    ║ ┌─────────────┐ ║                                  ║ ┌─────────────┐ ║                                  ║ ┌─────────────┐ ║                                  ║ ┌─────────────┐ ║
    ║ │    main()   │ ║                                  ║ │     p1()    │ ║                                  ║ │  process()  │ ║                                  ║ │     c1()    │ ║
    ║ ├─────────────┤ ║                                  ║ ├─────────────┤ ║                                  ║ ├─────────────┤ ║                                  ║ ├─────────────┤ ║
    ║ │             ┼►s1────────────────────────────────s1►┼             ┼►╫─────────────────────────────────s1►┼─────────────┼►out1────────────────────────────out1►┼──┐          │ ║
    ║ │             ┼◄r1────────────────────────────────r1◄┼             ┼◄╫─────────────────────────────────r1◄┼─────┐       ┼◄ret1────────────────────────────ret1◄┼──┘          │ ║
    ║ │             │ ║                                  ║ └─────────────┘ ║                                  ║ │     │       │ ║                                  ║ └─────────────┘ ║
    ║ │             ┼►s2───────────────────────────┐     ║                 ║               ┌─────────────────s2►┼─────┼────┌┐─┼►out2───────────────────────┐       ║                 ║
    ║ │             ┼◄r2──────────────────────────┐│     ║                 ║               │┌────────────────r2◄┼     │    ││ ┼◄ret2──────────────────────┐│       ║                 ║
    ║ │             │ ║                           ││     ║                 ║               ││                 ║ │     │    ││ │ ║                         ││       ║                 ║
    ║ │             ┼►s3─────────────────────────┐││     ║                 ║               ││┌───────────────s3►┼     │    ││ ┼►out3─────────────────────┐││       ║                 ║
    ║ │             ┼◄r3────────────────────────┐│││     ║                 ║               │││┌──────────────r3◄┼     │   ┌┼┼─┼◄ret3────────────────────┐│││       ║                 ║
    ║ │             │ ║                         ││││     ║                 ║               ││││               ║ │     │   │││ │ ║                       ││││       ║                 ║
    ║ │             ┼►s4───────────────────────┐││││     ║ ┌─────────────┐ ║               ││││┌─────────────s4►┼     │   └┼┼─┼►out4───────────────────┐││││       ║ ┌─────────────┐ ║
    ║ │             ┼◄r4──────────────────────┐│││││     ║ │     p2()    │ ║               │││││┌────────────r4◄┼     │    ││ ┼◄ret4──────────────────┐│││││       ║ │     c2()    │ ║
    ║ │             │ ║                       ││││││     ║ ├─────────────┤ ║               ││││││             ║ │     │    ││ │ ║                     ││││││       ║ ├─────────────┤ ║
    ║ │             ┼►s5─────────────────────┐│││││└────s2►┼             ┼►╫───────────────┘│││││┌───────────s5►┼     │  ┌─┼┼─┼►out5─────────────────┐│││││└────out2►┼──┐          │ ║
    ║ │             ┼◄r5────────────────────┐│││││└─────r2◄┼             ┼◄╫────────────────┘│││││┌──────────r5◄┼     │  │ ││ ┼◄ret5────────────────┐│││││└─────ret2◄┼──┘          │ ║
    ║ │             │ ║                     ││││││       ║ └─────────────┘ ║                 ││││││           ║ │     │  │ ││ │ ║                   ││││││         ║ └─────────────┘ ║
    ║ │             ┼►s6───────────────────┐││││││       ║                 ║                 ││││││┌─────────s6►┼     │  │ ││ ┼►out6───────────────┐││││││         ║                 ║
    ║ │             ┼◄r6──────────────────┐│││││││       ║                 ║                 │││││││┌────────r6◄┼     │  └─┼┼─┼◄ret6──────────────┐│││││││         ║                 ║
    ║ │             │ ║                   ││││││││       ║                 ║                 ││││││││         ║ │     │    ││ │ ║                 ││││││││         ║                 ║
    ║ │             ┼►s7─────────────────┐││││││││       ║                 ║                 ││││││││┌───────s7►┼     │    ││ ┼►out7─────────────┐││││││││         ║                 ║
    ║ │             ┼◄r7────────────────┐│││││││││       ║                 ║                 │││││││││┌──────r7◄┼─────┼────┼┼─┼◄ret7────────────┐│││││││││         ║                 ║
    ║ │             │ ║                 ││││││││││       ║                 ║                 ││││││││││       ║ │     │    ││ │ ║               ││││││││││         ║                 ║
    ║ │             ┼►s8───────────────┐││││││││││       ║ ┌─────────────┐ ║                 ││││││││││┌─────s8►┼─────┼┐   ││ ┼►out8───────────┐││││││││││         ║ ┌─────────────┐ ║
    ║ │             ┼◄r8──────────────┐│││││││││││       ║ │     p3()    │ ║                 │││││││││││┌────r8◄┼     ││   ││ ┼◄ret8──────────┐│││││││││││         ║ │     c3()    │ ║
    ║ │             │ ║               ││││││││││││       ║ ├─────────────┤ ║                 ││││││││││││     ║ │     ││   ││ │ ║             ││││││││││││         ║ ├─────────────┤ ║
    ║ │             ┼►s9─────────────┐│││││││││││└──────s3►┼             ┼►╫─────────────────┘│││││││││││┌───s9►┼     ││   ││ ┼►out9─────────┐│││││││││││└──────out3►┼──┐          │ ║
    ║ │             ┼◄r9────────────┐│││││││││││└───────r3◄┼             ┼◄╫──────────────────┘│││││││││││┌──r9◄┼─────└┘───┼┼─┼◄ret9────────┐│││││││││││└───────ret3◄┼──┘          │ ║
    ║ │             │ ║             ││││││││││││         ║ └─────────────┘ ║                   ││││││││││││   ║ │          ││ │ ║           ││││││││││││           ║ └─────────────┘ ║
    ║ │             ┼►s10──────────┐││││││││││││         ║                 ║                   │││││││││││┌─s10►┼──────────┘└─┼►out10──────┐││││││││││││           ║                 ║
    ║ │             ┼◄r10─────────┐│││││││││││││         ║                 ║                   ││││││││││││┌r10◄┼             ┼◄ret10─────┐│││││││││││││           ║                 ║
    ║ └─────────────┘ ║           ││││││││││││││         ║                 ║                   │││││││││││││  ║ └─────────────┘ ║         ││││││││││││││           ║                 ║
    ║                 ║           ││││││││││││││         ║                 ║                   │││││││││││││  ║                 ║         ││││││││││││││           ║                 ║
    ╚═════════════════╝           ││││││││││││││         ║                 ║                   │││││││││││││  ╚═════════════════╝         ││││││││││││││           ║                 ║
                                  ││││││││││││││         ║                 ║                   │││││││││││││                              ││││││││││││││           ║                 ║
                                  ││││││││││││││         ║ ┌─────────────┐ ║                   │││││││││││││                              ││││││││││││││           ║ ┌─────────────┐ ║
                                  ││││││││││││││         ║ │     p4()    │ ║                   │││││││││││││                              ││││││││││││││           ║ │     c4()    │ ║
                                  ││││││││││││││         ║ ├─────────────┤ ║                   │││││││││││││                              ││││││││││││││           ║ ├─────────────┤ ║
                                  │││││││││││││└────────s4►┼             ┼►╫───────────────────┘││││││││││││                              │││││││││││││└────────out4►┼──┐          │ ║
                                  ││││││││││││└─────────r4◄┼             ┼◄╫────────────────────┘│││││││││││                              ││││││││││││└─────────ret4◄┼──┘          │ ║
                                  ││││││││││││           ║ └─────────────┘ ║                     │││││││││││                              ││││││││││││             ║ └─────────────┘ ║
                                  ││││││││││││           ║                 ║                     │││││││││││                              ││││││││││││             ║                 ║
                                  ││││││││││││           ║                 ║                     │││││││││││                              ││││││││││││             ║                 ║
                                  ││││││││││││           ║                 ║                     │││││││││││                              ││││││││││││             ║                 ║
                                  ││││││││││││           ║                 ║                     │││││││││││                              ││││││││││││             ║                 ║
                                  ││││││││││││           ║                 ║                     │││││││││││                              ││││││││││││             ║                 ║
                                  ││││││││││││           ║                 ║                     │││││││││││                              ││││││││││││             ║                 ║
                                  ││││││││││││           ║ ┌─────────────┐ ║                     │││││││││││                              ││││││││││││             ║ ┌─────────────┐ ║
                                  ││││││││││││           ║ │     p5()    │ ║                     │││││││││││                              ││││││││││││             ║ │     c5()    │ ║
                                  ││││││││││││           ║ ├─────────────┤ ║                     │││││││││││                              ││││││││││││             ║ ├─────────────┤ ║
                                  │││││││││││└──────────s5►┼             ┼►╫─────────────────────┘││││││││││                              │││││││││││└──────────out5►┼──┐          │ ║
                                  ││││││││││└───────────r5◄┼             ┼◄╫──────────────────────┘│││││││││                              ││││││││││└───────────ret5◄┼──┘          │ ║
                                  ││││││││││             ║ └─────────────┘ ║                       │││││││││                              ││││││││││               ║ └─────────────┘ ║
                                  ││││││││││             ║                 ║                       │││││││││                              ││││││││││               ║                 ║
                                  ││││││││││             ║                 ║                       │││││││││                              ││││││││││               ║                 ║
                                  ││││││││││             ║                 ║                       │││││││││                              ││││││││││               ║                 ║
                                  ││││││││││             ║                 ║                       │││││││││                              ││││││││││               ║                 ║
                                  ││││││││││             ║                 ║                       │││││││││                              ││││││││││               ║                 ║
                                  ││││││││││             ║                 ║                       │││││││││                              ││││││││││               ║                 ║
                                  ││││││││││             ║ ┌─────────────┐ ║                       │││││││││                              ││││││││││               ║ ┌─────────────┐ ║
                                  ││││││││││             ║ │     p6()    │ ║                       │││││││││                              ││││││││││               ║ │     c6()    │ ║
                                  ││││││││││             ║ ├─────────────┤ ║                       │││││││││                              ││││││││││               ║ ├─────────────┤ ║
                                  │││││││││└────────────s6►┼             ┼►╫───────────────────────┘││││││││                              │││││││││└────────────out6►┼──┐          │ ║
                                  ││││││││└─────────────r6◄┼             ┼◄╫────────────────────────┘│││││││                              ││││││││└─────────────ret6◄┼──┘          │ ║
                                  ││││││││               ║ └─────────────┘ ║                         │││││││                              ││││││││                 ║ └─────────────┘ ║
                                  ││││││││               ║                 ║                         │││││││                              ││││││││                 ║                 ║
                                  ││││││││               ║                 ║                         │││││││                              ││││││││                 ║                 ║
                                  ││││││││               ║                 ║                         │││││││                              ││││││││                 ║                 ║
                                  ││││││││               ║                 ║                         │││││││                              ││││││││                 ║                 ║
                                  ││││││││               ║                 ║                         │││││││                              ││││││││                 ║                 ║
                                  ││││││││               ║                 ║                         │││││││                              ││││││││                 ║                 ║
                                  ││││││││               ║ ┌─────────────┐ ║                         │││││││                              ││││││││                 ║ ┌─────────────┐ ║
                                  ││││││││               ║ │     p7()    │ ║                         │││││││                              ││││││││                 ║ │     c7()    │ ║
                                  ││││││││               ║ ├─────────────┤ ║                         │││││││                              ││││││││                 ║ ├─────────────┤ ║
                                  │││││││└──────────────s7►┼             ┼►╫─────────────────────────┘││││││                              │││││││└──────────────out7►┼──┐          │ ║
                                  ││││││└───────────────r7◄┼             ┼◄╫──────────────────────────┘│││││                              ││││││└───────────────ret7◄┼──┘          │ ║
                                  ││││││                 ║ └─────────────┘ ║                           │││││                              ││││││                   ║ └─────────────┘ ║
                                  ││││││                 ║                 ║                           │││││                              ││││││                   ║                 ║
                                  ││││││                 ║                 ║                           │││││                              ││││││                   ║                 ║
                                  ││││││                 ║                 ║                           │││││                              ││││││                   ║                 ║
                                  ││││││                 ║                 ║                           │││││                              ││││││                   ║                 ║
                                  ││││││                 ║                 ║                           │││││                              ││││││                   ║                 ║
                                  ││││││                 ║                 ║                           │││││                              ││││││                   ║                 ║
                                  ││││││                 ║ ┌─────────────┐ ║                           │││││                              ││││││                   ║ ┌─────────────┐ ║
                                  ││││││                 ║ │     p8()    │ ║                           │││││                              ││││││                   ║ │     c8()    │ ║
                                  ││││││                 ║ ├─────────────┤ ║                           │││││                              ││││││                   ║ ├─────────────┤ ║
                                  │││││└────────────────s8►┼             ┼►╫───────────────────────────┘││││                              │││││└────────────────out8►┼──┐          │ ║
                                  ││││└─────────────────r8◄┼             ┼◄╫────────────────────────────┘│││                              ││││└─────────────────ret8◄┼──┘          │ ║
                                  ││││                   ║ └─────────────┘ ║                             │││                              ││││                     ║ └─────────────┘ ║
                                  ││││                   ║                 ║                             │││                              ││││                     ║                 ║
                                  ││││                   ║                 ║                             │││                              ││││                     ║                 ║
                                  ││││                   ║                 ║                             │││                              ││││                     ║                 ║
                                  ││││                   ║                 ║                             │││                              ││││                     ║                 ║
                                  ││││                   ║                 ║                             │││                              ││││                     ║                 ║
                                  ││││                   ║                 ║                             │││                              ││││                     ║                 ║
                                  ││││                   ║ ┌─────────────┐ ║                             │││                              ││││                     ║ ┌─────────────┐ ║
                                  ││││                   ║ │     p9()    │ ║                             │││                              ││││                     ║ │     c9()    │ ║
                                  ││││                   ║ ├─────────────┤ ║                             │││                              ││││                     ║ ├─────────────┤ ║
                                  │││└──────────────────s9►┼             ┼►╫─────────────────────────────┘││                              │││└──────────────────out9►┼──┐          │ ║
                                  ││└───────────────────r9◄┼             ┼◄╫──────────────────────────────┘│                              ││└───────────────────ret9◄┼──┘          │ ║
                                  ││                     ║ └─────────────┘ ║                              ││                              ││                       ║ └─────────────┘ ║
                                  ││                     ║                 ║                              ││                              ││                       ║                 ║
                                  ││                     ║                 ║                              ││                              ││                       ║                 ║
                                  ││                     ║                 ║                              ││                              ││                       ║                 ║
                                  ││                     ║                 ║                              ││                              ││                       ║                 ║
                                  ││                     ║                 ║                              ││                              ││                       ║                 ║
                                  ││                     ║                 ║                              ││                              ││                       ║                 ║
                                  ││                     ║ ┌─────────────┐ ║                              ││                              ││                       ║ ┌─────────────┐ ║
                                  ││                     ║ │    p10()    │ ║                              ││                              ││                       ║ │    c10()    │ ║
                                  ││                     ║ ├─────────────┤ ║                              ││                              ││                       ║ ├─────────────┤ ║
                                  │└───────────────────s10►┼             ┼►╫──────────────────────────────┘│                              │└───────────────────out10►┼──┐          │ ║
                                  └────────────────────r10◄┼             ┼◄╫───────────────────────────────┘                              └────────────────────ret10◄┼──┘          │ ║
                                                         ║ └─────────────┘ ║                                                                                       ║ └─────────────┘ ║
                                                         ║                 ║                                                                                       ║                 ║
                                                         ╚═════════════════╝                                                                                       ╚═════════════════╝
